[35m[1mConsolidate compiler generated dependencies of target rmul_decision[0m
[ 50%] Built target rmul_decision_node
[ 75%] [32mBuilding CXX object CMakeFiles/rmul_decision.dir/src/rmul_decision.cpp.o[0m
[01m[K/home/ethereal/rm_2025/rmul_nav_2025/src/Decision/rmul_decision/src/rmul_decision.cpp:[m[K In member function â€˜[01m[Kvoid FSMCommander::fetch_point_list(std::vector<Point>&, const string&)[m[Kâ€™:
[01m[K/home/ethereal/rm_2025/rmul_nav_2025/src/Decision/rmul_decision/src/rmul_decision.cpp:185:23:[m[K [01;31m[Kerror: [m[Kcomparison of integer expressions of different signedness: â€˜[01m[Kint[m[Kâ€™ and â€˜[01m[Kstd::vector<double, std::allocator<double> >::size_type[m[Kâ€™ {aka â€˜[01m[Klong unsigned int[m[Kâ€™} [[01;31m[K]8;;https://gcc.gnu.org/onlinedocs/gcc/Warning-Options.html#index-Wsign-compare-Werror=sign-compare]8;;[m[K]
  185 |     for (int i = 0; [01;31m[Ki < values.size() - 1[m[K; i += 2) {
      |                     [01;31m[K~~^~~~~~~~~~~~~~~~~~~[m[K
cc1plus: all warnings being treated as errors
gmake[2]: *** [CMakeFiles/rmul_decision.dir/build.make:76: CMakeFiles/rmul_decision.dir/src/rmul_decision.cpp.o] Error 1
gmake[1]: *** [CMakeFiles/Makefile2:139: CMakeFiles/rmul_decision.dir/all] Error 2
gmake: *** [Makefile:146: all] Error 2
