[0.016s] Invoking command in '/home/ethereal/rm_2025/rmul_nav_2025/build/rmul_decision': AMENT_PREFIX_PATH=/home/ethereal/rm_2025/rmul_nav_2025/install/pb_rm_interfaces:/home/ethereal/rm_2025/rmul_nav_2025/install/navigator_interfaces:${AMENT_PREFIX_PATH} CMAKE_PREFIX_PATH=/home/ethereal/rm_2025/rmul_nav_2025/install/pb_rm_interfaces:/home/ethereal/rm_2025/rmul_nav_2025/install/navigator_interfaces:/opt/ros/humble LD_LIBRARY_PATH=/home/ethereal/rm_2025/rmul_nav_2025/install/pb_rm_interfaces/lib:/home/ethereal/rm_2025/rmul_nav_2025/install/navigator_interfaces/lib:${LD_LIBRARY_PATH} PS1=\[\e[1;32m\]\u@\h\[\e[0m\]:\[\e[1;34m\]\w\[\e[0m\]\$ PYTHONPATH=/home/ethereal/rm_2025/rmul_nav_2025/install/pb_rm_interfaces/local/lib/python3.10/dist-packages:/home/ethereal/rm_2025/rmul_nav_2025/install/navigator_interfaces/local/lib/python3.10/dist-packages:${PYTHONPATH} /usr/bin/cmake --build /home/ethereal/rm_2025/rmul_nav_2025/build/rmul_decision -- -j20 -l20
[0.043s] [35m[1mConsolidate compiler generated dependencies of target rmul_decision[0m
[0.055s] [ 50%] Built target rmul_decision_node
[0.059s] [ 75%] [32mBuilding CXX object CMakeFiles/rmul_decision.dir/src/rmul_decision.cpp.o[0m
[1.923s] [01m[K/home/ethereal/rm_2025/rmul_nav_2025/src/Decision/rmul_decision/src/rmul_decision.cpp:[m[K In member function â€˜[01m[Kvoid FSMCommander::fetch_point_list(std::vector<Point>&, const string&)[m[Kâ€™:
[1.923s] [01m[K/home/ethereal/rm_2025/rmul_nav_2025/src/Decision/rmul_decision/src/rmul_decision.cpp:185:23:[m[K [01;31m[Kerror: [m[Kcomparison of integer expressions of different signedness: â€˜[01m[Kint[m[Kâ€™ and â€˜[01m[Kstd::vector<double, std::allocator<double> >::size_type[m[Kâ€™ {aka â€˜[01m[Klong unsigned int[m[Kâ€™} [[01;31m[K]8;;https://gcc.gnu.org/onlinedocs/gcc/Warning-Options.html#index-Wsign-compare-Werror=sign-compare]8;;[m[K]
[1.923s]   185 |     for (int i = 0; [01;31m[Ki < values.size() - 1[m[K; i += 2) {
[1.924s]       |                     [01;31m[K~~^~~~~~~~~~~~~~~~~~~[m[K
[12.309s] cc1plus: all warnings being treated as errors
[12.345s] gmake[2]: *** [CMakeFiles/rmul_decision.dir/build.make:76: CMakeFiles/rmul_decision.dir/src/rmul_decision.cpp.o] Error 1
[12.345s] gmake[1]: *** [CMakeFiles/Makefile2:139: CMakeFiles/rmul_decision.dir/all] Error 2
[12.345s] gmake: *** [Makefile:146: all] Error 2
[12.346s] Invoked command in '/home/ethereal/rm_2025/rmul_nav_2025/build/rmul_decision' returned '2': AMENT_PREFIX_PATH=/home/ethereal/rm_2025/rmul_nav_2025/install/pb_rm_interfaces:/home/ethereal/rm_2025/rmul_nav_2025/install/navigator_interfaces:${AMENT_PREFIX_PATH} CMAKE_PREFIX_PATH=/home/ethereal/rm_2025/rmul_nav_2025/install/pb_rm_interfaces:/home/ethereal/rm_2025/rmul_nav_2025/install/navigator_interfaces:/opt/ros/humble LD_LIBRARY_PATH=/home/ethereal/rm_2025/rmul_nav_2025/install/pb_rm_interfaces/lib:/home/ethereal/rm_2025/rmul_nav_2025/install/navigator_interfaces/lib:${LD_LIBRARY_PATH} PS1=\[\e[1;32m\]\u@\h\[\e[0m\]:\[\e[1;34m\]\w\[\e[0m\]\$ PYTHONPATH=/home/ethereal/rm_2025/rmul_nav_2025/install/pb_rm_interfaces/local/lib/python3.10/dist-packages:/home/ethereal/rm_2025/rmul_nav_2025/install/navigator_interfaces/local/lib/python3.10/dist-packages:${PYTHONPATH} /usr/bin/cmake --build /home/ethereal/rm_2025/rmul_nav_2025/build/rmul_decision -- -j20 -l20
